<?xml version="1.0" encoding="UTF-8"?>
<testng-results ignored="0" total="4" passed="4" failed="0" skipped="0">
  <reporter-output>
  </reporter-output>
  <suite started-at="2023-02-01T20:54:30 TRT" name="Surefire suite" finished-at="2023-02-01T20:54:46 TRT" duration-ms="16275">
    <groups>
      <group name="cucumber">
        <method signature="AbstractTestNGCucumberTests.runScenario(io.cucumber.testng.PickleWrapper,io.cucumber.testng.FeatureWrapper)[pri:0, instance:awesomecucumber.runners.TestNGRunnerTest@5ca1f591]" name="runScenario" class="io.cucumber.testng.AbstractTestNGCucumberTests"/>
      </group> <!-- cucumber -->
    </groups>
    <test started-at="2023-02-01T20:54:30 TRT" name="Surefire test" finished-at="2023-02-01T20:54:46 TRT" duration-ms="16275">
      <class name="awesomecucumber.runners.TestNGRunnerTest">
        <test-method is-config="true" signature="setUpClass(org.testng.ITestContext)[pri:0, instance:awesomecucumber.runners.TestNGRunnerTest@5ca1f591]" started-at="2023-02-01T20:54:30 TRT" name="setUpClass" finished-at="2023-02-01T20:54:31 TRT" duration-ms="872" status="PASS">
          <params>
            <param index="0">
              <value>
                <![CDATA[org.testng.TestRunner@1eb85a47]]>
              </value>
            </param>
          </params>
          <reporter-output>
          </reporter-output>
        </test-method> <!-- setUpClass -->
        <test-method signature="runScenario(io.cucumber.testng.PickleWrapper,io.cucumber.testng.FeatureWrapper)[pri:0, instance:awesomecucumber.runners.TestNGRunnerTest@5ca1f591]" started-at="2023-02-01T20:54:31 TRT" name="runScenario" description="Runs Cucumber Scenarios" data-provider="scenarios" finished-at="2023-02-01T20:54:40 TRT" duration-ms="8940" status="PASS">
          <params>
            <param index="0">
              <value>
                <![CDATA["add one quantity from Store test test"]]>
              </value>
            </param>
            <param index="1">
              <value>
                <![CDATA["Add to cart test"]]>
              </value>
            </param>
          </params>
          <reporter-output>
          </reporter-output>
        </test-method> <!-- runScenario -->
        <test-method signature="runScenario(io.cucumber.testng.PickleWrapper,io.cucumber.testng.FeatureWrapper)[pri:0, instance:awesomecucumber.runners.TestNGRunnerTest@5ca1f591]" started-at="2023-02-01T20:54:31 TRT" name="runScenario" description="Runs Cucumber Scenarios" data-provider="scenarios" finished-at="2023-02-01T20:54:40 TRT" duration-ms="8967" status="PASS">
          <params>
            <param index="0">
              <value>
                <![CDATA["add one quantity from Store test test multiple - examples"]]>
              </value>
            </param>
            <param index="1">
              <value>
                <![CDATA["Add to cart test"]]>
              </value>
            </param>
          </params>
          <reporter-output>
          </reporter-output>
        </test-method> <!-- runScenario -->
        <test-method signature="runScenario(io.cucumber.testng.PickleWrapper,io.cucumber.testng.FeatureWrapper)[pri:0, instance:awesomecucumber.runners.TestNGRunnerTest@5ca1f591]" started-at="2023-02-01T20:54:31 TRT" name="runScenario" description="Runs Cucumber Scenarios" data-provider="scenarios" finished-at="2023-02-01T20:54:40 TRT" duration-ms="8950" status="PASS">
          <params>
            <param index="0">
              <value>
                <![CDATA["add one quantity from Store test test multiple - examples"]]>
              </value>
            </param>
            <param index="1">
              <value>
                <![CDATA["Add to cart test"]]>
              </value>
            </param>
          </params>
          <reporter-output>
          </reporter-output>
        </test-method> <!-- runScenario -->
        <test-method signature="runScenario(io.cucumber.testng.PickleWrapper,io.cucumber.testng.FeatureWrapper)[pri:0, instance:awesomecucumber.runners.TestNGRunnerTest@5ca1f591]" started-at="2023-02-01T20:54:31 TRT" name="runScenario" description="Runs Cucumber Scenarios" data-provider="scenarios" finished-at="2023-02-01T20:54:45 TRT" duration-ms="14540" status="PASS">
          <params>
            <param index="0">
              <value>
                <![CDATA["varsayılan ödeme seçenekleri ile siparis test"]]>
              </value>
            </param>
            <param index="1">
              <value>
                <![CDATA["Place an order misafir kullanıcı"]]>
              </value>
            </param>
          </params>
          <reporter-output>
          </reporter-output>
        </test-method> <!-- runScenario -->
        <test-method is-config="true" signature="tearDownClass()[pri:0, instance:awesomecucumber.runners.TestNGRunnerTest@5ca1f591]" started-at="2023-02-01T20:54:45 TRT" name="tearDownClass" finished-at="2023-02-01T20:54:46 TRT" duration-ms="806" status="PASS">
          <reporter-output>
          </reporter-output>
        </test-method> <!-- tearDownClass -->
      </class> <!-- awesomecucumber.runners.TestNGRunnerTest -->
    </test> <!-- Surefire test -->
  </suite> <!-- Surefire suite -->
</testng-results>
