<?xml version="1.0" encoding="UTF-8"?>
<testsuite xmlns:xsi="http://www.w3.org/2001/XMLSchema-instance" xsi:noNamespaceSchemaLocation="https://maven.apache.org/surefire/maven-surefire-plugin/xsd/surefire-test-report-3.0.xsd" version="3.0" name="TestSuite" time="17.32" tests="4" errors="0" skipped="0" failures="0">
  <properties>
[...]
</properties>
  <testcase name="runScenario[&quot;add one quantity from Store test test multiple - examples&quot;, &quot;Add to cart test&quot;](3)" classname="awesomecucumber.runners.TestNGRunnerTest" time="9.038">
    <system-out><![CDATA[
@smoke
Scenario: add one quantity from Store test test &amp#27;[90m# src/test/resources/awesomecucumber/firsttest/add_to_cart_test.feature:4&amp#27;[0m

@smoke
Scenario Outline: add one quantity from Store test test multiple - examples &amp#27;[90m# src/test/resources/awesomecucumber/firsttest/add_to_cart_test.feature:16&amp#27;[0m

@smoke
Scenario Outline: add one quantity from Store test test multiple - examples &amp#27;[90m# src/test/resources/awesomecucumber/firsttest/add_to_cart_test.feature:17&amp#27;[0m

@smoke
Scenario: varsayılan ödeme seçenekleri ile siparis test &amp#27;[90m# src/test/resources/awesomecucumber/firsttest/misafir_siparisi.feature:4&amp#27;[0m
before: thread id: 20,scenario name: varsayılan ödeme seçenekleri ile siparis test
before: thread id: 17,scenario name: add one quantity from Store test test
before: thread id: 19,scenario name: add one quantity from Store test test multiple - examples
before: thread id: 18,scenario name: add one quantity from Store test test multiple - examples
  &amp#27;[32mGiven &amp#27;[0m&amp#27;[32mI'm on the Store Page&amp#27;[0m                   &amp#27;[90m# awesomecucumber.stepdef.StoreStepDefinitions.ıMOnTheStorePage()&amp#27;[0m
  &amp#27;[32mGiven &amp#27;[0m&amp#27;[32mim a quest customer&amp#27;[0m                             &amp#27;[90m# awesomecucumber.stepdef.CustomerStepDefinitions.imAQuestCustomer()&amp#27;[0m
  &amp#27;[32mAnd &amp#27;[0m&amp#27;[32mmy billing details aree&amp#27;[0m                           &amp#27;[90m# awesomecucumber.stepdef.CustomerStepDefinitions.myBillingDetailsAree(awesomecucumber.domainobjects.BillingDetails)&amp#27;[0m
    | firstname | lastname | country            | address_line1     | city  | state | zip   | email              |
    | demo      | user     | United States (US) | 6300 Spring Creek | Plano | Texas | 75024 | askomdch@gmail.com |
  &amp#27;[32mGiven &amp#27;[0m&amp#27;[32mI'm on the Store Page&amp#27;[0m                                               &amp#27;[90m# awesomecucumber.stepdef.StoreStepDefinitions.ıMOnTheStorePage()&amp#27;[0m
  &amp#27;[32mGiven &amp#27;[0m&amp#27;[32mI'm on the Store Page&amp#27;[0m                                               &amp#27;[90m# awesomecucumber.stepdef.StoreStepDefinitions.ıMOnTheStorePage()&amp#27;[0m
Request method:	POST
Request URI:	https://askomdch.com/?wc-ajax=add_to_cart
Proxy:			<none>
Request params:	<none>
Query params:	<none>
Form params:	product_sku=
				quantity=1
				product_id=1215
Path params:	<none>
Headers:		Accept=*/*
				Content-Type=application/x-www-form-urlencoded; charset=ISO-8859-1
Cookies:		<none>
Multiparts:		<none>
Body:			<none>
  &amp#27;[32mWhen &amp#27;[0m&amp#27;[32mI add a &amp#27;[0m&amp#27;[32m&amp#27;[1m"Anchor Bracelet"&amp#27;[0m&amp#27;[32m too the cart&amp#27;[0m                               &amp#27;[90m# awesomecucumber.stepdef.StoreStepDefinitions.ıAddATooTheCart(awesomecucumber.domainobjects.Product)&amp#27;[0m
  &amp#27;[32mWhen &amp#27;[0m&amp#27;[32mI add a &amp#27;[0m&amp#27;[32m&amp#27;[1m"Blue Shoes"&amp#27;[0m&amp#27;[32m too the cart&amp#27;[0m        &amp#27;[90m# awesomecucumber.stepdef.StoreStepDefinitions.ıAddATooTheCart(awesomecucumber.domainobjects.Product)&amp#27;[0m
  &amp#27;[32mThen &amp#27;[0m&amp#27;[32mI should see &amp#27;[0m&amp#27;[32m&amp#27;[1m1&amp#27;[0m&amp#27;[32m &amp#27;[0m&amp#27;[32m&amp#27;[1m"Anchor Bracelet"&amp#27;[0m&amp#27;[32m inn the cart&amp#27;[0m                        &amp#27;[90m# awesomecucumber.stepdef.CartStepDefinitions.ıShouldSeeInnTheCart(int,awesomecucumber.domainobjects.Product)&amp#27;[0m
  &amp#27;[32mThen &amp#27;[0m&amp#27;[32mI should see &amp#27;[0m&amp#27;[32m&amp#27;[1m1&amp#27;[0m&amp#27;[32m &amp#27;[0m&amp#27;[32m&amp#27;[1m"Blue Shoes"&amp#27;[0m&amp#27;[32m inn the cart&amp#27;[0m &amp#27;[90m# awesomecucumber.stepdef.CartStepDefinitions.ıShouldSeeInnTheCart(int,awesomecucumber.domainobjects.Product)&amp#27;[0m
after: thread id: 17,scenario name: add one quantity from Store test test
after: thread id: 18,scenario name: add one quantity from Store test test multiple - examples
  &amp#27;[32mWhen &amp#27;[0m&amp#27;[32mI add a &amp#27;[0m&amp#27;[32m&amp#27;[1m"Black Over-the-shoulder Handbag"&amp#27;[0m&amp#27;[32m too the cart&amp#27;[0m               &amp#27;[90m# awesomecucumber.stepdef.StoreStepDefinitions.ıAddATooTheCart(awesomecucumber.domainobjects.Product)&amp#27;[0m
  &amp#27;[32mThen &amp#27;[0m&amp#27;[32mI should see &amp#27;[0m&amp#27;[32m&amp#27;[1m1&amp#27;[0m&amp#27;[32m &amp#27;[0m&amp#27;[32m&amp#27;[1m"Black Over-the-shoulder Handbag"&amp#27;[0m&amp#27;[32m inn the cart&amp#27;[0m        &amp#27;[90m# awesomecucumber.stepdef.CartStepDefinitions.ıShouldSeeInnTheCart(int,awesomecucumber.domainobjects.Product)&amp#27;[0m
after: thread id: 19,scenario name: add one quantity from Store test test multiple - examples
HTTP/1.1 200 OK
Date: Wed, 01 Feb 2023 17:54:40 GMT
Content-Type: application/json; charset=UTF-8
Transfer-Encoding: chunked
Connection: keep-alive
vary: Accept-Encoding
x-content-type-options: nosniff
x-content-type-options: nosniff
x-robots-tag: noindex
set-cookie: woocommerce_items_in_cart=1; path=/
expires: Wed, 11 Jan 1984 05:00:00 GMT
Cache-Control: no-cache, must-revalidate, max-age=0
strict-transport-security: max-age=63072000
x-frame-options: SAMEORIGIN
x-xss-protection: 1; mode=block
CF-Cache-Status: DYNAMIC
set-cookie: woocommerce_cart_hash=42e65b245308ba4f486b61612707a993; path=/
set-cookie: wp_woocommerce_session_e39c30ea93030240fdcfed1ddf385ba1=t_0831b12c5252aeeebe12a038a56a82%7C%7C1675446880%7C%7C1675443280%7C%7C81f19eaa5db70ed4cf919bac885fbe84; expires=Fri, 03-Feb-2023 17:54:40 GMT; Max-Age=172800; path=/; secure; HttpOnly
set-cookie: woocommerce_items_in_cart=1; path=/
set-cookie: woocommerce_cart_hash=077edd270071e91cf806e27ea69d99f4; path=/
set-cookie: wp_woocommerce_session_e39c30ea93030240fdcfed1ddf385ba1=t_0831b12c5252aeeebe12a038a56a82%7C%7C1675446880%7C%7C1675443280%7C%7C81f19eaa5db70ed4cf919bac885fbe84; expires=Fri, 03-Feb-2023 17:54:40 GMT; Max-Age=172800; path=/; secure; HttpOnly
Report-To: {"endpoints":[{"url":"https:\/\/a.nel.cloudflare.com\/report\/v3?s=FIziSTdQOeqz651dEZtj9fpHkeHZBppnc9n3AbTIW47C9d3nfp5173pCkhRcXlalsx5nSHpEHp6%2F6WsVVH9QprpjWKfkczFNKBTeqmgaKvFw0gZNJID8wdhcI0hsTlA%3D"}],"group":"cf-nel","max_age":604800}
NEL: {"success_fraction":0,"report_to":"cf-nel","max_age":604800}
Server: cloudflare
CF-RAY: 792c8db7d9febadb-MXP
alt-svc: h3=":443"; ma=86400, h3-29=":443"; ma=86400

{
    "fragments": {
        "div.widget_shopping_cart_content": "<div class=\"widget_shopping_cart_content\">\n\n\t<ul class=\"woocommerce-mini-cart cart_list product_list_widget \">\n\t\t\t\t\t\t<li class=\"woocommerce-mini-cart-item mini_cart_item\">\n\t\t\t\t\t<a href=\"https://askomdch.com/cart/?remove_item=a4d2f0d23dcc84ce983ff9157f8b7f88&#038;_wpnonce=aca5356323\" class=\"remove remove_from_cart_button\" aria-label=\"Remove this item\" data-product_id=\"1215\" data-cart_item_key=\"a4d2f0d23dcc84ce983ff9157f8b7f88\" data-product_sku=\"\">&times;</a>\t\t\t\t\t\t\t\t\t\t\t<a href=\"https://askomdch.com/product/blue-shoes/\">\n\t\t\t\t\t\t\t<img width=\"300\" height=\"300\" src=\"https://askomdch.com/wp-content/uploads/2021/06/pro-14-300x300.jpg\" class=\"attachment-woocommerce_thumbnail size-woocommerce_thumbnail\" alt=\"\" srcset=\"https://askomdch.com/wp-content/uploads/2021/06/pro-14-300x300.jpg 300w, https://askomdch.com/wp-content/uploads/2021/06/pro-14-150x150.jpg 150w, https://askomdch.com/wp-content/uploads/2021/06/pro-14-100x100.jpg 100w, https://askomdch.com/wp-content/uploads/2021/06/pro-14.jpg 600w\" sizes=\"(max-width: 300px) 100vw, 300px\" />Blue Shoes\t\t\t\t\t\t</a>\n\t\t\t\t\t\t\t\t\t\t\t\t\t\t\t<span class=\"quantity\">1 &times; <span class=\"woocommerce-Price-amount amount\"><bdi><span class=\"woocommerce-Price-currencySymbol\">&#36;</span>45.00</bdi></span></span>\t\t\t\t</li>\n\t\t\t\t\t</ul>\n\n\t<p class=\"woocommerce-mini-cart__total total\">\n\t\t<strong>Subtotal:</strong> <span class=\"woocommerce-Price-amount amount\"><bdi><span class=\"woocommerce-Price-currencySymbol\">&#36;</span>45.00</bdi></span>\t</p>\n\n\t\n\t<p class=\"woocommerce-mini-cart__buttons buttons\"><a href=\"https://askomdch.com/cart/\" class=\"button wc-forward\">View cart</a><a href=\"https://askomdch.com/checkout/\" class=\"button checkout wc-forward\">Checkout</a></p>\n\n\t\n\n</div>",
        "a.cart-container": "\t\t\t<a class=\"cart-container\" href=\"https://askomdch.com/cart/\" title=\"View your shopping cart\">\r\n\r\n\t\t\t\t\t\t\t\t\t\t\t\t\t<div class=\"ast-cart-menu-wrap\">\r\n\t\t\t\t\t\t\t\t<span class=\"count\">\r\n\t\t\t\t\t\t\t\t\t1\t\t\t\t\t\t\t\t</span>\r\n\t\t\t\t\t\t\t</div>\r\n\t\t\t\t\t\t\t\t\t\t</a>\r\n\t\t\t"
    },
    "cart_hash": "077edd270071e91cf806e27ea69d99f4"
}
COUNTER 0: woocommerce_items_in_cart=1; path=/
COUNTER 1: woocommerce_cart_hash=42e65b245308ba4f486b61612707a993; path=/
COUNTER 2: wp_woocommerce_session_e39c30ea93030240fdcfed1ddf385ba1=t_0831b12c5252aeeebe12a038a56a82%7C%7C1675446880%7C%7C1675443280%7C%7C81f19eaa5db70ed4cf919bac885fbe84; expires=Cum, 03 Şub 2023 08:54:40 TRT; path=/;secure;
COUNTER 3: woocommerce_items_in_cart=1; path=/
COUNTER 4: woocommerce_cart_hash=077edd270071e91cf806e27ea69d99f4; path=/
COUNTER 5: wp_woocommerce_session_e39c30ea93030240fdcfed1ddf385ba1=t_0831b12c5252aeeebe12a038a56a82%7C%7C1675446880%7C%7C1675443280%7C%7C81f19eaa5db70ed4cf919bac885fbe84; expires=Cum, 03 Şub 2023 08:54:40 TRT; path=/;secure;
]]></system-out>
    <system-err><![CDATA[SLF4J: No SLF4J providers were found.
SLF4J: Defaulting to no-operation (NOP) logger implementation
SLF4J: See https://www.slf4j.org/codes.html#noProviders for further details.
SSttaarrttinign gC hChrroommeDerDirvievrSet ra1 r1t0i9n.g0 .C5h4r01o49m..e70D4.r i5(ve4eS71trc4 a5.1r7t04 (79ie.7nc0g5. 75C043h16r40o.4md7ea4aD 9r(ciecv712ec85rc7 c0f1350690a.450dd.3a5ea94991c34c5113.20778345c68 c09(f41e5d37aac-5a5r9d7e3cef0c913s926/380b5c4rc1daf3na57aca559h8d-c93hc1e31e9-2a9r3d8e5sc1/c3f57451849@1{3#-f15r1sae7/5f2bd}s3r)/ea bo9nnr9 cpa3ohn5r-ct1h h36e-17a3h5d3e
8sOa9/ndl15ys 34/l-1o5c4r4al@e1 4cf{o@s#n{n/1e#c1b1t7ri1oa27nn}s2 c)}arh )eo-  ahnol elnoap wepddoo.sr
r/Ptt 5 l445e314a545s7@3e
2{O 
#nsO1len1yel7  y2lh }o)ltc otaocplnas l :c p/oco/orncntnhn ee2rc3cott0mi8ioe1ondn
srsO i navrleaery r.ae cl hllaroolocwlaeomdl. iwuec
mdo.P.nlonr
eegaP/sclsetee icasuoserneeis  t yhsa-tercteeo  pnhsast:ilt/dp/lecsorh:awr/teoi/dmo.cen
dshrP rilfovoemearres.decr h sirseovumeegir gu.ehcsttmhit.roponomssri :guo//mn.s /eokcrchuger/rosimeeteycpdu-ricriionvtngeys r-iC.dchcoehrnrrasootimdimioeuernmDas.rt oifirvoognre/srs   efcsosuuarrgfg esest.iuiog
gnestCs htyori-nooc mnoeksDn ersoeinivp deikreenre apwgtia niCg hsoCr hnosrsmtoeaDmrre tiDefvrdoei rrv se sursc acsfeauesf.egs.f
g
CuhCelrhslorytmo.iem
oDeDrnirsviev reo rw na swk seateaspr tisendt gas urCctcheersdso fmusleulyD.c
rciesvsefrul lys.
afe.
ChromeDriver was started successfully.
Şub 01, 2023 8:54:39 ÖS org.openqa.selenium.remote.http.WebSocket$Listener onError
WARNING: Connection reset
java.net.SocketException: Connection reset
	at java.base/sun.nio.ch.SocketChannelImpl.throwConnectionReset(SocketChannelImpl.java:367)
	at java.base/sun.nio.ch.SocketChannelImpl.read(SocketChannelImpl.java:398)
	at io.netty.buffer.PooledByteBuf.setBytes(PooledByteBuf.java:259)
	at io.netty.buffer.AbstractByteBuf.writeBytes(AbstractByteBuf.java:1132)
	at io.netty.channel.socket.nio.NioSocketChannel.doReadBytes(NioSocketChannel.java:357)
	at io.netty.channel.nio.AbstractNioByteChannel$NioByteUnsafe.read(AbstractNioByteChannel.java:151)
	at io.netty.channel.nio.NioEventLoop.processSelectedKey(NioEventLoop.java:788)
	at io.netty.channel.nio.NioEventLoop.processSelectedKeysOptimized(NioEventLoop.java:724)
	at io.netty.channel.nio.NioEventLoop.processSelectedKeys(NioEventLoop.java:650)
	at io.netty.channel.nio.NioEventLoop.run(NioEventLoop.java:562)
	at io.netty.util.concurrent.SingleThreadEventExecutor$4.run(SingleThreadEventExecutor.java:997)
	at io.netty.util.internal.ThreadExecutorMap$2.run(ThreadExecutorMap.java:74)
	at io.netty.util.concurrent.FastThreadLocalRunnable.run(FastThreadLocalRunnable.java:30)
	at java.base/java.lang.Thread.run(Thread.java:832)

]]></system-err>
  </testcase>
  <testcase name="runScenario[&quot;add one quantity from Store test test multiple - examples&quot;, &quot;Add to cart test&quot;](3)" classname="awesomecucumber.runners.TestNGRunnerTest" time="9.039"/>
  <testcase name="runScenario[&quot;add one quantity from Store test test&quot;, &quot;Add to cart test&quot;](3)" classname="awesomecucumber.runners.TestNGRunnerTest" time="9.039"/>
  <testcase name="runScenario[&quot;varsayılan ödeme seçenekleri ile siparis test&quot;, &quot;Place an order misafir kullanıcı&quot;](4)" classname="awesomecucumber.runners.TestNGRunnerTest" time="14.537">
    <system-out><![CDATA[  &amp#27;[32mAnd &amp#27;[0m&amp#27;[32mi have a porduct in the cart&amp#27;[0m                      &amp#27;[90m# awesomecucumber.stepdef.StoreStepDefinitions.iHaveAPorductInTheCart()&amp#27;[0m
  &amp#27;[32mAnd &amp#27;[0m&amp#27;[32mim on the checkout page&amp#27;[0m                           &amp#27;[90m# awesomecucumber.stepdef.CheckoutStepdefinitions.imOnTheCheckoutPage()&amp#27;[0m
  &amp#27;[32mWhen &amp#27;[0m&amp#27;[32mi provide biling details&amp#27;[0m                         &amp#27;[90m# awesomecucumber.stepdef.CheckoutStepdefinitions.iProvideBilingDetails()&amp#27;[0m
OVERLAY SIZE2
OVERLAYS INVISIBLE
  &amp#27;[32mAnd &amp#27;[0m&amp#27;[32mi place an order&amp#27;[0m                                  &amp#27;[90m# awesomecucumber.stepdef.CheckoutStepdefinitions.iPlaceAnOrder()&amp#27;[0m
  &amp#27;[32mThen &amp#27;[0m&amp#27;[32mthe order should be placed successfuly&amp#27;[0m           &amp#27;[90m# awesomecucumber.stepdef.CheckoutStepdefinitions.theOrderShouldBePlacedSuccessfuly()&amp#27;[0m
after: thread id: 20,scenario name: varsayılan ödeme seçenekleri ile siparis test
]]></system-out>
  </testcase>
</testsuite>